s:\qr\jli\roll-rate-model\build\simengine.dir\release\utils.obj
s:\qr\jli\roll-rate-model\build\simengine.dir\release\types.obj
s:\qr\jli\roll-rate-model\build\simengine.dir\release\cf_parallel.obj
s:\qr\jli\roll-rate-model\build\simengine.dir\release\prob_schema.obj
s:\qr\jli\roll-rate-model\build\simengine.dir\release\transition.obj
s:\qr\jli\roll-rate-model\build\simengine.dir\release\roll.obj
s:\qr\jli\roll-rate-model\build\simengine.dir\release\model_spec.obj
s:\qr\jli\roll-rate-model\build\simengine.dir\release\model_coef.obj
s:\qr\jli\roll-rate-model\build\simengine.dir\release\main.obj
s:\qr\jli\roll-rate-model\build\simengine.dir\release\loan_schema.obj
s:\qr\jli\roll-rate-model\build\simengine.dir\release\loan.obj
s:\qr\jli\roll-rate-model\build\simengine.dir\release\tsv_reader.obj
s:\qr\jli\roll-rate-model\build\simengine.dir\release\pmt_matrix_reader.obj
s:\qr\jli\roll-rate-model\build\simengine.dir\release\macro_reader.obj
s:\qr\jli\roll-rate-model\build\simengine.dir\release\json_reader.obj
s:\qr\jli\roll-rate-model\build\simengine.dir\release\field_registry.obj
s:\qr\jli\roll-rate-model\build\simengine.dir\release\dump.obj
s:\qr\jli\roll-rate-model\build\simengine.dir\release\debug_calc.obj
s:\qr\jli\roll-rate-model\build\simengine.dir\release\data_mgr.obj
s:\qr\jli\roll-rate-model\build\simengine.dir\release\cf.obj
s:\qr\jli\roll-rate-model\build\simengine.dir\release\var_registry.obj
s:\qr\jli\roll-rate-model\build\cmakefiles\generate.stamp
s:\qr\jli\roll-rate-model\build\release\simengine.lib
s:\qr\jli\roll-rate-model\build\simengine.dir\release\simengine.tlog\cl.command.1.tlog
s:\qr\jli\roll-rate-model\build\simengine.dir\release\simengine.tlog\cl.items.tlog
s:\qr\jli\roll-rate-model\build\simengine.dir\release\simengine.tlog\cl.read.1.tlog
s:\qr\jli\roll-rate-model\build\simengine.dir\release\simengine.tlog\cl.write.1.tlog
s:\qr\jli\roll-rate-model\build\simengine.dir\release\simengine.tlog\custombuild.command.1.tlog
s:\qr\jli\roll-rate-model\build\simengine.dir\release\simengine.tlog\custombuild.read.1.tlog
s:\qr\jli\roll-rate-model\build\simengine.dir\release\simengine.tlog\custombuild.write.1.tlog
s:\qr\jli\roll-rate-model\build\simengine.dir\release\simengine.tlog\lib-link.write.1.tlog
s:\qr\jli\roll-rate-model\build\simengine.dir\release\simengine.tlog\lib.command.1.tlog
s:\qr\jli\roll-rate-model\build\simengine.dir\release\simengine.tlog\lib.read.1.tlog
